<?xml version="1.0" encoding="UTF-8"?>
<!-- Generated by org.testng.reporters.JUnitXMLReporter -->
<testsuite ignored="0" hostname="DESKTOP-2SA0BMJ" failures="3" tests="14" name="Surefire test" time="43.852" errors="0" timestamp="2025-05-27T17:43:04 CEST">
  <testcase classname="tests.LoginTest_PagePractise" name="loginSuccessfully" time="4.23"/>
  <testcase classname="tests.LoginTest_PagePractise" name="loginInvalidPassword" time="2.745"/>
  <testcase classname="tests.LoginTest_PagePractise" name="loginEmptyFields" time="0.413"/>
  <testcase classname="tests.LoginTest_PagePractise" name="loginWithOnlyUsername" time="0.385"/>
  <testcase classname="tests.LoginTest_PagePractise" name="loginOnlyWithPassword" time="2.635"/>
  <testcase classname="tests.LoginTest_PagePractise" name="usernameFieldIsDisplayed" time="0.091"/>
  <testcase classname="tests.LoginTest_PagePractise" name="passwordFieldIsDisplayed" time="0.095"/>
  <testcase classname="tests.LoginTest_PagePractise" name="signButtonIsOnThePage" time="0.086"/>
  <testcase classname="tests.LoginTest_PagePractise" name="isAdminRadioButtonDisplayed" time="0.081">
    <failure type="java.lang.AssertionError" message="Admin radio button is not displayed on the page expected [true] but found [false]">
      <![CDATA[java.lang.AssertionError: Admin radio button is not displayed on the page expected [true] but found [false]
at tests.LoginTest_PagePractise.isAdminRadioButtonDisplayed(LoginTest_PagePractise.java:127)
at java.base/java.util.ArrayList.forEach(ArrayList.java:1511)
... Removed 35 stack frames]]>
    </failure>
  </testcase> <!-- isAdminRadioButtonDisplayed -->
  <testcase classname="tests.LoginTest_PagePractise" name="isUserRadioButtonDisplayed" time="0.079">
    <failure type="java.lang.AssertionError" message="User radio button is not displayed on the page expected [true] but found [false]">
      <![CDATA[java.lang.AssertionError: User radio button is not displayed on the page expected [true] but found [false]
at tests.LoginTest_PagePractise.isUserRadioButtonDisplayed(LoginTest_PagePractise.java:135)
at java.base/java.util.ArrayList.forEach(ArrayList.java:1511)
... Removed 35 stack frames]]>
    </failure>
  </testcase> <!-- isUserRadioButtonDisplayed -->
  <testcase classname="tests.LoginTest_PagePractise" name="verifyDropdownOptionsAndSelection" time="0.451"/>
  <testcase classname="tests.LoginTest_PagePractise" name="isAgreeTermsOnPage" time="0.072"/>
  <testcase classname="tests.LoginTest_PagePractise" name="isAgreeTermsIsSelected" time="0.191"/>
  <testcase classname="tests.LoginTest_PagePractise" name="testUserRadioSelection" time="0.904">
    <failure type="java.lang.AssertionError" message="User radio button should be selected after confirmation expected [true] but found [false]">
      <![CDATA[java.lang.AssertionError: User radio button should be selected after confirmation expected [true] but found [false]
at tests.LoginTest_PagePractise.testUserRadioSelection(LoginTest_PagePractise.java:176)
at java.base/java.util.ArrayList.forEach(ArrayList.java:1511)
... Removed 35 stack frames]]>
    </failure>
  </testcase> <!-- testUserRadioSelection -->
</testsuite> <!-- Surefire test -->
