<?xml version="1.0" encoding="UTF-8"?>
<!-- Generated by org.testng.reporters.JUnitXMLReporter -->
<testsuite ignored="0" hostname="DESKTOP-2SA0BMJ" failures="0" tests="4" name="Default test" time="29.394" errors="0" timestamp="2025-06-04T10:25:23 CEST">
  <testcase classname="tests.AutomationPracticeTests" name="TC01_selectFirstRadioButton" time="0.309"/>
  <testcase classname="tests.AutomationPracticeTests" name="TC02_selectSecondRadioButton" time="0.302"/>
  <testcase classname="tests.AutomationPracticeTests" name="TC03_selectThirdRadioButton" time="0.295"/>
  <testcase classname="tests.AutomationPracticeTests" name="TC04_onlyOneRadioButtonSelected" time="0.609"/>
</testsuite> <!-- Default test -->
