<?xml version="1.0" encoding="UTF-8"?>
<!-- Generated by org.testng.reporters.JUnitXMLReporter -->
<testsuite ignored="13" hostname="DESKTOP-2SA0BMJ" failures="0" tests="1" name="Default test" time="3.758" errors="0" timestamp="2025-05-27T17:18:27 CEST">
  <testcase classname="tests.LoginTest_PagePractise" name="loginEmptyFields" time="0.466"/>
  <testcase classname="tests.LoginTest_PagePractise" name="verifyDropdownOptionsAndSelection" time="0.0">
    <ignored/>
  </testcase> <!-- verifyDropdownOptionsAndSelection -->
  <testcase classname="tests.LoginTest_PagePractise" name="isAdminRadioButtonDisplayed" time="0.0">
    <ignored/>
  </testcase> <!-- isAdminRadioButtonDisplayed -->
  <testcase classname="tests.LoginTest_PagePractise" name="loginOnlyWithPassword" time="0.0">
    <ignored/>
  </testcase> <!-- loginOnlyWithPassword -->
  <testcase classname="tests.LoginTest_PagePractise" name="isUserRadioButtonDisplayed" time="0.0">
    <ignored/>
  </testcase> <!-- isUserRadioButtonDisplayed -->
  <testcase classname="tests.LoginTest_PagePractise" name="loginWithOnlyUsername" time="0.0">
    <ignored/>
  </testcase> <!-- loginWithOnlyUsername -->
  <testcase classname="tests.LoginTest_PagePractise" name="loginInvalidPassword" time="0.0">
    <ignored/>
  </testcase> <!-- loginInvalidPassword -->
  <testcase classname="tests.LoginTest_PagePractise" name="isAgreeTermsOnPage" time="0.0">
    <ignored/>
  </testcase> <!-- isAgreeTermsOnPage -->
  <testcase classname="tests.LoginTest_PagePractise" name="testUserRadioSelection" time="0.0">
    <ignored/>
  </testcase> <!-- testUserRadioSelection -->
  <testcase classname="tests.LoginTest_PagePractise" name="isAgreeTermsIsSelected" time="0.0">
    <ignored/>
  </testcase> <!-- isAgreeTermsIsSelected -->
  <testcase classname="tests.LoginTest_PagePractise" name="signButtonIsOnThePage" time="0.0">
    <ignored/>
  </testcase> <!-- signButtonIsOnThePage -->
  <testcase classname="tests.LoginTest_PagePractise" name="loginSuccessfully" time="0.0">
    <ignored/>
  </testcase> <!-- loginSuccessfully -->
  <testcase classname="tests.LoginTest_PagePractise" name="usernameFieldIsDisplayed" time="0.0">
    <ignored/>
  </testcase> <!-- usernameFieldIsDisplayed -->
  <testcase classname="tests.LoginTest_PagePractise" name="passwordFieldIsDisplayed" time="0.0">
    <ignored/>
  </testcase> <!-- passwordFieldIsDisplayed -->
</testsuite> <!-- Default test -->
