<?xml version="1.0" encoding="UTF-8"?>
<testsuite xmlns:xsi="http://www.w3.org/2001/XMLSchema-instance" xsi:noNamespaceSchemaLocation="https://maven.apache.org/surefire/maven-surefire-plugin/xsd/surefire-test-report-3.0.xsd" version="3.0" name="tests.LoginTest_PagePractise" time="45.723" tests="14" errors="0" skipped="0" failures="3">
  <properties>
[...]
</properties>
  <testcase name="loginSuccessfully" classname="tests.LoginTest_PagePractise" time="4.22">
    <system-out><![CDATA[Log4j2 configuration initialized.
17:42:24 [INFO] tests.LoginTest_PagePractise - Starting login test with valid credentials...
17:42:29 [INFO] tests.LoginTest_PagePractise - Current URL after login: https://rahulshettyacademy.com/angularpractice/shop
]]></system-out>
    <system-err><![CDATA[SLF4J(W): No SLF4J providers were found.
SLF4J(W): Defaulting to no-operation (NOP) logger implementation
SLF4J(W): See https://www.slf4j.org/codes.html#noProviders for further details.
]]></system-err>
  </testcase>
  <testcase name="loginInvalidPassword" classname="tests.LoginTest_PagePractise" time="2.748">
    <system-out><![CDATA[17:42:31 [INFO] tests.LoginTest_PagePractise - Starting loginInvalidPassword
17:42:34 [INFO] tests.LoginTest_PagePractise - Is error message displayed: true
17:42:34 [INFO] tests.LoginTest_PagePractise - URL after failed login: https://rahulshettyacademy.com/loginpagePractise/
]]></system-out>
  </testcase>
  <testcase name="loginEmptyFields" classname="tests.LoginTest_PagePractise" time="0.414">
    <system-out><![CDATA[17:42:36 [INFO] tests.LoginTest_PagePractise - Starting loginEmptyFields..
17:42:36 [INFO] tests.LoginTest_PagePractise - Is error message displayed: true
]]></system-out>
  </testcase>
  <testcase name="loginWithOnlyUsername" classname="tests.LoginTest_PagePractise" time="0.386">
    <system-out><![CDATA[17:42:38 [INFO] tests.LoginTest_PagePractise - Starting loginWithOnlyUsername
17:42:39 [INFO] tests.LoginTest_PagePractise - Is error message displayed: true
]]></system-out>
  </testcase>
  <testcase name="loginOnlyWithPassword" classname="tests.LoginTest_PagePractise" time="2.638">
    <system-out><![CDATA[17:42:40 [INFO] tests.LoginTest_PagePractise - Starting loginOnlyWithPassword
17:42:43 [INFO] tests.LoginTest_PagePractise - Is error message displayed: true
]]></system-out>
  </testcase>
  <testcase name="usernameFieldIsDisplayed" classname="tests.LoginTest_PagePractise" time="0.09">
    <system-out><![CDATA[17:42:45 [INFO] tests.LoginTest_PagePractise - Starting usernameField is on the page
]]></system-out>
  </testcase>
  <testcase name="passwordFieldIsDisplayed" classname="tests.LoginTest_PagePractise" time="0.094">
    <system-out><![CDATA[17:42:47 [INFO] tests.LoginTest_PagePractise - Starting username field is on the page
]]></system-out>
  </testcase>
  <testcase name="signButtonIsOnThePage" classname="tests.LoginTest_PagePractise" time="0.087">
    <system-out><![CDATA[17:42:49 [INFO] tests.LoginTest_PagePractise - Starting signButton --> IsOnThePage
]]></system-out>
  </testcase>
  <testcase name="isAdminRadioButtonDisplayed" classname="tests.LoginTest_PagePractise" time="0.088">
    <failure message="Admin radio button is not displayed on the page expected [true] but found [false]" type="java.lang.AssertionError"><![CDATA[java.lang.AssertionError: Admin radio button is not displayed on the page expected [true] but found [false]
	at org.testng.Assert.fail(Assert.java:111)
	at org.testng.Assert.failNotEquals(Assert.java:1590)
	at org.testng.Assert.assertTrue(Assert.java:57)
	at tests.LoginTest_PagePractise.isAdminRadioButtonDisplayed(LoginTest_PagePractise.java:127)
	at java.base/jdk.internal.reflect.NativeMethodAccessorImpl.invoke0(Native Method)
	at java.base/jdk.internal.reflect.NativeMethodAccessorImpl.invoke(NativeMethodAccessorImpl.java:77)
	at java.base/jdk.internal.reflect.DelegatingMethodAccessorImpl.invoke(DelegatingMethodAccessorImpl.java:43)
	at java.base/java.lang.reflect.Method.invoke(Method.java:568)
	at org.testng.internal.invokers.MethodInvocationHelper.invokeMethod(MethodInvocationHelper.java:141)
	at org.testng.internal.invokers.TestInvoker.invokeMethod(TestInvoker.java:687)
	at org.testng.internal.invokers.TestInvoker.invokeTestMethod(TestInvoker.java:230)
	at org.testng.internal.invokers.MethodRunner.runInSequence(MethodRunner.java:63)
	at org.testng.internal.invokers.TestInvoker$MethodInvocationAgent.invoke(TestInvoker.java:995)
	at org.testng.internal.invokers.TestInvoker.invokeTestMethods(TestInvoker.java:203)
	at org.testng.internal.invokers.TestMethodWorker.invokeTestMethods(TestMethodWorker.java:154)
	at org.testng.internal.invokers.TestMethodWorker.run(TestMethodWorker.java:134)
	at java.base/java.util.ArrayList.forEach(ArrayList.java:1511)
	at org.testng.TestRunner.privateRun(TestRunner.java:741)
	at org.testng.TestRunner.run(TestRunner.java:616)
	at org.testng.SuiteRunner.runTest(SuiteRunner.java:421)
	at org.testng.SuiteRunner.runSequentially(SuiteRunner.java:413)
	at org.testng.SuiteRunner.privateRun(SuiteRunner.java:373)
	at org.testng.SuiteRunner.run(SuiteRunner.java:312)
	at org.testng.SuiteRunnerWorker.runSuite(SuiteRunnerWorker.java:52)
	at org.testng.SuiteRunnerWorker.run(SuiteRunnerWorker.java:95)
	at org.testng.TestNG.runSuitesSequentially(TestNG.java:1274)
	at org.testng.TestNG.runSuitesLocally(TestNG.java:1208)
	at org.testng.TestNG.runSuites(TestNG.java:1112)
	at org.testng.TestNG.run(TestNG.java:1079)
	at org.apache.maven.surefire.testng.TestNGExecutor.run(TestNGExecutor.java:151)
	at org.apache.maven.surefire.testng.TestNGDirectoryTestSuite.executeSingleClass(TestNGDirectoryTestSuite.java:111)
	at org.apache.maven.surefire.testng.TestNGDirectoryTestSuite.execute(TestNGDirectoryTestSuite.java:98)
	at org.apache.maven.surefire.testng.TestNGProvider.invoke(TestNGProvider.java:155)
	at org.apache.maven.surefire.booter.ForkedBooter.runSuitesInProcess(ForkedBooter.java:456)
	at org.apache.maven.surefire.booter.ForkedBooter.execute(ForkedBooter.java:169)
	at org.apache.maven.surefire.booter.ForkedBooter.run(ForkedBooter.java:595)
	at org.apache.maven.surefire.booter.ForkedBooter.main(ForkedBooter.java:581)
]]></failure>
    <system-out><![CDATA[17:42:51 [INFO] tests.LoginTest_PagePractise - Starting isAdminRadioButtonDisplayed
]]></system-out>
  </testcase>
  <testcase name="isUserRadioButtonDisplayed" classname="tests.LoginTest_PagePractise" time="0.08">
    <failure message="User radio button is not displayed on the page expected [true] but found [false]" type="java.lang.AssertionError"><![CDATA[java.lang.AssertionError: User radio button is not displayed on the page expected [true] but found [false]
	at org.testng.Assert.fail(Assert.java:111)
	at org.testng.Assert.failNotEquals(Assert.java:1590)
	at org.testng.Assert.assertTrue(Assert.java:57)
	at tests.LoginTest_PagePractise.isUserRadioButtonDisplayed(LoginTest_PagePractise.java:135)
	at java.base/jdk.internal.reflect.NativeMethodAccessorImpl.invoke0(Native Method)
	at java.base/jdk.internal.reflect.NativeMethodAccessorImpl.invoke(NativeMethodAccessorImpl.java:77)
	at java.base/jdk.internal.reflect.DelegatingMethodAccessorImpl.invoke(DelegatingMethodAccessorImpl.java:43)
	at java.base/java.lang.reflect.Method.invoke(Method.java:568)
	at org.testng.internal.invokers.MethodInvocationHelper.invokeMethod(MethodInvocationHelper.java:141)
	at org.testng.internal.invokers.TestInvoker.invokeMethod(TestInvoker.java:687)
	at org.testng.internal.invokers.TestInvoker.invokeTestMethod(TestInvoker.java:230)
	at org.testng.internal.invokers.MethodRunner.runInSequence(MethodRunner.java:63)
	at org.testng.internal.invokers.TestInvoker$MethodInvocationAgent.invoke(TestInvoker.java:995)
	at org.testng.internal.invokers.TestInvoker.invokeTestMethods(TestInvoker.java:203)
	at org.testng.internal.invokers.TestMethodWorker.invokeTestMethods(TestMethodWorker.java:154)
	at org.testng.internal.invokers.TestMethodWorker.run(TestMethodWorker.java:134)
	at java.base/java.util.ArrayList.forEach(ArrayList.java:1511)
	at org.testng.TestRunner.privateRun(TestRunner.java:741)
	at org.testng.TestRunner.run(TestRunner.java:616)
	at org.testng.SuiteRunner.runTest(SuiteRunner.java:421)
	at org.testng.SuiteRunner.runSequentially(SuiteRunner.java:413)
	at org.testng.SuiteRunner.privateRun(SuiteRunner.java:373)
	at org.testng.SuiteRunner.run(SuiteRunner.java:312)
	at org.testng.SuiteRunnerWorker.runSuite(SuiteRunnerWorker.java:52)
	at org.testng.SuiteRunnerWorker.run(SuiteRunnerWorker.java:95)
	at org.testng.TestNG.runSuitesSequentially(TestNG.java:1274)
	at org.testng.TestNG.runSuitesLocally(TestNG.java:1208)
	at org.testng.TestNG.runSuites(TestNG.java:1112)
	at org.testng.TestNG.run(TestNG.java:1079)
	at org.apache.maven.surefire.testng.TestNGExecutor.run(TestNGExecutor.java:151)
	at org.apache.maven.surefire.testng.TestNGDirectoryTestSuite.executeSingleClass(TestNGDirectoryTestSuite.java:111)
	at org.apache.maven.surefire.testng.TestNGDirectoryTestSuite.execute(TestNGDirectoryTestSuite.java:98)
	at org.apache.maven.surefire.testng.TestNGProvider.invoke(TestNGProvider.java:155)
	at org.apache.maven.surefire.booter.ForkedBooter.runSuitesInProcess(ForkedBooter.java:456)
	at org.apache.maven.surefire.booter.ForkedBooter.execute(ForkedBooter.java:169)
	at org.apache.maven.surefire.booter.ForkedBooter.run(ForkedBooter.java:595)
	at org.apache.maven.surefire.booter.ForkedBooter.main(ForkedBooter.java:581)
]]></failure>
    <system-out><![CDATA[17:42:54 [INFO] tests.LoginTest_PagePractise - Starting isUserRadioButtonDisplayed
]]></system-out>
  </testcase>
  <testcase name="verifyDropdownOptionsAndSelection" classname="tests.LoginTest_PagePractise" time="0.45">
    <system-out><![CDATA[17:42:56 [INFO] tests.LoginTest_PagePractise - Starting verifyDropdownOptionsAndSelection
17:42:57 [INFO] tests.LoginTest_PagePractise - verifyDropdownOptionsAndSelection passed
]]></system-out>
  </testcase>
  <testcase name="isAgreeTermsOnPage" classname="tests.LoginTest_PagePractise" time="0.07">
    <system-out><![CDATA[17:42:59 [INFO] tests.LoginTest_PagePractise - Starting is isAgreeTermsOnPage
]]></system-out>
  </testcase>
  <testcase name="isAgreeTermsIsSelected" classname="tests.LoginTest_PagePractise" time="0.189">
    <system-out><![CDATA[17:43:01 [INFO] tests.LoginTest_PagePractise - Starting isAgreeTermsIsSelected
]]></system-out>
  </testcase>
  <testcase name="testUserRadioSelection" classname="tests.LoginTest_PagePractise" time="0.905">
    <failure message="User radio button should be selected after confirmation expected [true] but found [false]" type="java.lang.AssertionError"><![CDATA[java.lang.AssertionError: User radio button should be selected after confirmation expected [true] but found [false]
	at org.testng.Assert.fail(Assert.java:111)
	at org.testng.Assert.failNotEquals(Assert.java:1590)
	at org.testng.Assert.assertTrue(Assert.java:57)
	at tests.LoginTest_PagePractise.testUserRadioSelection(LoginTest_PagePractise.java:176)
	at java.base/jdk.internal.reflect.NativeMethodAccessorImpl.invoke0(Native Method)
	at java.base/jdk.internal.reflect.NativeMethodAccessorImpl.invoke(NativeMethodAccessorImpl.java:77)
	at java.base/jdk.internal.reflect.DelegatingMethodAccessorImpl.invoke(DelegatingMethodAccessorImpl.java:43)
	at java.base/java.lang.reflect.Method.invoke(Method.java:568)
	at org.testng.internal.invokers.MethodInvocationHelper.invokeMethod(MethodInvocationHelper.java:141)
	at org.testng.internal.invokers.TestInvoker.invokeMethod(TestInvoker.java:687)
	at org.testng.internal.invokers.TestInvoker.invokeTestMethod(TestInvoker.java:230)
	at org.testng.internal.invokers.MethodRunner.runInSequence(MethodRunner.java:63)
	at org.testng.internal.invokers.TestInvoker$MethodInvocationAgent.invoke(TestInvoker.java:995)
	at org.testng.internal.invokers.TestInvoker.invokeTestMethods(TestInvoker.java:203)
	at org.testng.internal.invokers.TestMethodWorker.invokeTestMethods(TestMethodWorker.java:154)
	at org.testng.internal.invokers.TestMethodWorker.run(TestMethodWorker.java:134)
	at java.base/java.util.ArrayList.forEach(ArrayList.java:1511)
	at org.testng.TestRunner.privateRun(TestRunner.java:741)
	at org.testng.TestRunner.run(TestRunner.java:616)
	at org.testng.SuiteRunner.runTest(SuiteRunner.java:421)
	at org.testng.SuiteRunner.runSequentially(SuiteRunner.java:413)
	at org.testng.SuiteRunner.privateRun(SuiteRunner.java:373)
	at org.testng.SuiteRunner.run(SuiteRunner.java:312)
	at org.testng.SuiteRunnerWorker.runSuite(SuiteRunnerWorker.java:52)
	at org.testng.SuiteRunnerWorker.run(SuiteRunnerWorker.java:95)
	at org.testng.TestNG.runSuitesSequentially(TestNG.java:1274)
	at org.testng.TestNG.runSuitesLocally(TestNG.java:1208)
	at org.testng.TestNG.runSuites(TestNG.java:1112)
	at org.testng.TestNG.run(TestNG.java:1079)
	at org.apache.maven.surefire.testng.TestNGExecutor.run(TestNGExecutor.java:151)
	at org.apache.maven.surefire.testng.TestNGDirectoryTestSuite.executeSingleClass(TestNGDirectoryTestSuite.java:111)
	at org.apache.maven.surefire.testng.TestNGDirectoryTestSuite.execute(TestNGDirectoryTestSuite.java:98)
	at org.apache.maven.surefire.testng.TestNGProvider.invoke(TestNGProvider.java:155)
	at org.apache.maven.surefire.booter.ForkedBooter.runSuitesInProcess(ForkedBooter.java:456)
	at org.apache.maven.surefire.booter.ForkedBooter.execute(ForkedBooter.java:169)
	at org.apache.maven.surefire.booter.ForkedBooter.run(ForkedBooter.java:595)
	at org.apache.maven.surefire.booter.ForkedBooter.main(ForkedBooter.java:581)
]]></failure>
    <system-out><![CDATA[17:43:03 [INFO] tests.LoginTest_PagePractise - Starting test UserRadioSelection
]]></system-out>
  </testcase>
</testsuite>