<?xml version="1.0" encoding="UTF-8"?>
<testng-results ignored="0" total="1" passed="1" failed="0" skipped="0">
  <reporter-output>
  </reporter-output>
  <suite started-at="2025-05-27T17:18:23 CEST" name="Default suite" finished-at="2025-05-27T17:18:27 CEST" duration-ms="3758">
    <groups>
    </groups>
    <test started-at="2025-05-27T17:18:23 CEST" name="Default test" finished-at="2025-05-27T17:18:27 CEST" duration-ms="3758">
      <class name="tests.LoginTest_PagePractise">
        <test-method is-config="true" signature="configureLogging()[pri:0, instance:tests.LoginTest_PagePractise@758705fa]" started-at="2025-05-27T17:18:23 CEST" name="configureLogging" finished-at="2025-05-27T17:18:23 CEST" duration-ms="36" status="PASS">
          <reporter-output>
          </reporter-output>
        </test-method> <!-- configureLogging -->
        <test-method is-config="true" signature="setUp()[pri:0, instance:tests.LoginTest_PagePractise@758705fa]" started-at="2025-05-27T17:18:24 CEST" name="setUp" finished-at="2025-05-27T17:18:26 CEST" duration-ms="1792" status="PASS">
          <reporter-output>
          </reporter-output>
        </test-method> <!-- setUp -->
        <test-method is-config="true" signature="openLoginPage_Practise()[pri:0, instance:tests.LoginTest_PagePractise@758705fa]" started-at="2025-05-27T17:18:26 CEST" name="openLoginPage_Practise" finished-at="2025-05-27T17:18:27 CEST" duration-ms="901" status="PASS">
          <reporter-output>
          </reporter-output>
        </test-method> <!-- openLoginPage_Practise -->
        <test-method signature="loginEmptyFields()[pri:3, instance:tests.LoginTest_PagePractise@758705fa]" started-at="2025-05-27T17:18:27 CEST" name="loginEmptyFields" finished-at="2025-05-27T17:18:27 CEST" duration-ms="466" status="PASS">
          <reporter-output>
          </reporter-output>
        </test-method> <!-- loginEmptyFields -->
        <test-method is-config="true" signature="tearDown()[pri:0, instance:tests.LoginTest_PagePractise@758705fa]" started-at="2025-05-27T17:18:27 CEST" name="tearDown" finished-at="2025-05-27T17:18:27 CEST" duration-ms="191" status="PASS">
          <reporter-output>
          </reporter-output>
        </test-method> <!-- tearDown -->
      </class> <!-- tests.LoginTest_PagePractise -->
    </test> <!-- Default test -->
  </suite> <!-- Default suite -->
</testng-results>
